07/17/2019 12:35:21 AM - LoginPage - INFO: Element found with locator: Login and  locatorType: link
07/17/2019 12:35:22 AM - LoginPage - INFO: Clicked on element with locator: Login locatorType: link
07/17/2019 12:35:49 AM - LoginPage - INFO: Element found with locator: user_email and  locatorType: id
07/17/2019 12:35:49 AM - LoginPage - INFO: Element found with locator: user_password and  locatorType: id
07/17/2019 12:35:49 AM - LoginPage - INFO: Element found with locator: user_email and  locatorType: id
07/17/2019 12:35:49 AM - LoginPage - INFO: Sent data on element with locator: user_email locatorType: id
07/17/2019 12:35:49 AM - LoginPage - INFO: Element found with locator: user_password and  locatorType: id
07/17/2019 12:35:49 AM - LoginPage - INFO: Sent data on element with locator: user_password locatorType: id
07/17/2019 12:35:49 AM - LoginPage - INFO: Element found with locator: commit and  locatorType: name
07/17/2019 12:35:54 AM - LoginPage - INFO: Clicked on element with locator: commit locatorType: name
07/17/2019 12:35:54 AM - LoginPage - INFO: Element found with locator: //div[contains(text(),'Invalid email or password')] and  locatorType: xpath
07/17/2019 12:35:54 AM - LoginPage - INFO: Element Found
07/17/2019 12:35:54 AM - LoginPage - INFO: Element found with locator: user_email and  locatorType: id
07/17/2019 12:35:54 AM - LoginPage - INFO: Element found with locator: user_password and  locatorType: id
07/17/2019 12:35:57 AM - LoginPage - INFO: Element not found with locator: Login and  locatorType: link
07/17/2019 12:35:57 AM - LoginPage - INFO: Cannot click on the element with locator: Login locatorType: link
07/17/2019 12:35:58 AM - LoginPage - INFO: Element found with locator: user_email and  locatorType: id
07/17/2019 12:35:58 AM - LoginPage - INFO: Element found with locator: user_password and  locatorType: id
07/17/2019 12:35:58 AM - LoginPage - INFO: Element found with locator: user_email and  locatorType: id
07/17/2019 12:35:58 AM - LoginPage - INFO: Sent data on element with locator: user_email locatorType: id
07/17/2019 12:35:58 AM - LoginPage - INFO: Element found with locator: user_password and  locatorType: id
07/17/2019 12:35:58 AM - LoginPage - INFO: Sent data on element with locator: user_password locatorType: id
07/17/2019 12:35:58 AM - LoginPage - INFO: Element found with locator: commit and  locatorType: name
07/17/2019 12:36:12 AM - LoginPage - INFO: Clicked on element with locator: commit locatorType: name
07/17/2019 12:36:15 AM - LoginPage - INFO: Element not found with locator: //*[@id='navbar']//span[text()='User Settings'] and  locatorType: xpath
07/17/2019 12:36:15 AM - LoginPage - INFO: Element not found
07/17/2019 12:37:32 AM - LoginPage - INFO: Element found with locator: Login and  locatorType: link
07/17/2019 12:37:33 AM - LoginPage - INFO: Clicked on element with locator: Login locatorType: link
07/17/2019 12:37:48 AM - LoginPage - INFO: Element found with locator: user_email and  locatorType: id
07/17/2019 12:37:48 AM - LoginPage - INFO: Element found with locator: user_password and  locatorType: id
07/17/2019 12:37:48 AM - LoginPage - INFO: Element found with locator: user_email and  locatorType: id
07/17/2019 12:37:48 AM - LoginPage - INFO: Sent data on element with locator: user_email locatorType: id
07/17/2019 12:37:48 AM - LoginPage - INFO: Element found with locator: user_password and  locatorType: id
07/17/2019 12:37:48 AM - LoginPage - INFO: Sent data on element with locator: user_password locatorType: id
07/17/2019 12:37:49 AM - LoginPage - INFO: Element found with locator: commit and  locatorType: name
07/17/2019 12:37:52 AM - LoginPage - INFO: Clicked on element with locator: commit locatorType: name
07/17/2019 12:37:52 AM - LoginPage - INFO: Element found with locator: //div[contains(text(),'Invalid email or password')] and  locatorType: xpath
07/17/2019 12:37:52 AM - LoginPage - INFO: Element Found
07/17/2019 12:37:52 AM - LoginPage - INFO: Element found with locator: user_email and  locatorType: id
07/17/2019 12:37:52 AM - LoginPage - INFO: Element found with locator: user_password and  locatorType: id
07/17/2019 12:37:55 AM - LoginPage - INFO: Element not found with locator: Login and  locatorType: link
07/17/2019 12:37:55 AM - LoginPage - INFO: Cannot click on the element with locator: Login locatorType: link
07/17/2019 12:37:55 AM - LoginPage - INFO: Element found with locator: user_email and  locatorType: id
07/17/2019 12:37:55 AM - LoginPage - INFO: Element found with locator: user_password and  locatorType: id
07/17/2019 12:37:55 AM - LoginPage - INFO: Element found with locator: user_email and  locatorType: id
07/17/2019 12:37:55 AM - LoginPage - INFO: Sent data on element with locator: user_email locatorType: id
07/17/2019 12:37:55 AM - LoginPage - INFO: Element found with locator: user_password and  locatorType: id
07/17/2019 12:37:55 AM - LoginPage - INFO: Sent data on element with locator: user_password locatorType: id
07/17/2019 12:37:55 AM - LoginPage - INFO: Element found with locator: commit and  locatorType: name
07/17/2019 12:38:01 AM - LoginPage - INFO: Clicked on element with locator: commit locatorType: name
07/17/2019 12:38:04 AM - LoginPage - INFO: Element not found with locator: //*[@id='navbar']//span[text()='User Settings'] and  locatorType: xpath
07/17/2019 12:38:04 AM - LoginPage - INFO: Element not found
